# JRE version: Java(TM) SE Runtime Environment (14.0+36) (build 14+36-1461)
# Java VM: Java HotSpot(TM) 64-Bit Server VM (14+36-1461, mixed mode, sharing, tiered, compressed oops, g1 gc, windows-amd64)
Heap:
 garbage-first heap   total 65536K, used 23846K [0x00000000c0c00000, 0x0000000100000000)
  region size 1024K, 20 young (20480K), 5 survivors (5120K)
 Metaspace       used 19650K, capacity 20067K, committed 20224K, reserved 1067008K
  class space    used 2634K, capacity 2771K, committed 2816K, reserved 1048576K
GC Heap History (10 events):
Event: 2.660 GC heap before
{Heap before GC invocations=0 (full 0):
 garbage-first heap   total 65536K, used 12288K [0x00000000c0c00000, 0x0000000100000000)
  region size 1024K, 13 young (13312K), 0 survivors (0K)
 Metaspace       used 2088K, capacity 5122K, committed 5248K, reserved 1056768K
  class space    used 228K, capacity 519K, committed 640K, reserved 1048576K
}
Event: 2.667 GC heap after
{Heap after GC invocations=1 (full 0):
 garbage-first heap   total 65536K, used 4048K [0x00000000c0c00000, 0x0000000100000000)
  region size 1024K, 2 young (2048K), 2 survivors (2048K)
 Metaspace       used 2088K, capacity 5122K, committed 5248K, reserved 1056768K
  class space    used 228K, capacity 519K, committed 640K, reserved 1048576K
}
Event: 3.774 GC heap before
{Heap before GC invocations=1 (full 0):
 garbage-first heap   total 65536K, used 18384K [0x00000000c0c00000, 0x0000000100000000)
  region size 1024K, 16 young (16384K), 2 survivors (2048K)
 Metaspace       used 5223K, capacity 7256K, committed 7424K, reserved 1056768K
  class space    used 799K, capacity 993K, committed 1024K, reserved 1048576K
}
Event: 3.779 GC heap after
{Heap after GC invocations=2 (full 0):
 garbage-first heap   total 65536K, used 5068K [0x00000000c0c00000, 0x0000000100000000)
  region size 1024K, 2 young (2048K), 2 survivors (2048K)
 Metaspace       used 5223K, capacity 7256K, committed 7424K, reserved 1056768K
  class space    used 799K, capacity 993K, committed 1024K, reserved 1048576K
}
Event: 5.307 GC heap before
{Heap before GC invocations=2 (full 0):
 garbage-first heap   total 65536K, used 38860K [0x00000000c0c00000, 0x0000000100000000)
  region size 1024K, 35 young (35840K), 2 survivors (2048K)
 Metaspace       used 9457K, capacity 10064K, committed 10240K, reserved 1058816K
  class space    used 1373K, capacity 1486K, committed 1536K, reserved 1048576K
}
Event: 5.315 GC heap after
{Heap after GC invocations=3 (full 0):
 garbage-first heap   total 65536K, used 6965K [0x00000000c0c00000, 0x0000000100000000)
  region size 1024K, 3 young (3072K), 3 survivors (3072K)
 Metaspace       used 9457K, capacity 10064K, committed 10240K, reserved 1058816K
  class space    used 1373K, capacity 1486K, committed 1536K, reserved 1048576K
}
Event: 5.682 GC heap before
{Heap before GC invocations=3 (full 0):
 garbage-first heap   total 65536K, used 40757K [0x00000000c0c00000, 0x0000000100000000)
  region size 1024K, 36 young (36864K), 3 survivors (3072K)
 Metaspace       used 11101K, capacity 11592K, committed 11776K, reserved 1058816K
  class space    used 1625K, capacity 1717K, committed 1792K, reserved 1048576K
}
Event: 5.691 GC heap after
{Heap after GC invocations=4 (full 0):
 garbage-first heap   total 65536K, used 7376K [0x00000000c0c00000, 0x0000000100000000)
  region size 1024K, 3 young (3072K), 3 survivors (3072K)
 Metaspace       used 11101K, capacity 11592K, committed 11776K, reserved 1058816K
  class space    used 1625K, capacity 1717K, committed 1792K, reserved 1048576K
}
Event: 7.153 GC heap before
{Heap before GC invocations=4 (full 0):
 garbage-first heap   total 65536K, used 43216K [0x00000000c0c00000, 0x0000000100000000)
  region size 1024K, 38 young (38912K), 3 survivors (3072K)
 Metaspace       used 17487K, capacity 17839K, committed 17920K, reserved 1064960K
  class space    used 2381K, capacity 2497K, committed 2560K, reserved 1048576K
}
Event: 7.162 GC heap after
{Heap after GC invocations=5 (full 0):
 garbage-first heap   total 65536K, used 9510K [0x00000000c0c00000, 0x0000000100000000)
  region size 1024K, 5 young (5120K), 5 survivors (5120K)
 Metaspace       used 17487K, capacity 17839K, committed 17920K, reserved 1064960K
  class space    used 2381K, capacity 2497K, committed 2560K, reserved 1048576K
}

